\BOOKMARK [1][-]{section.3}{1 Introduction}{}% 1
\BOOKMARK [1][-]{section.4}{2 Technical specifications}{}% 2
\BOOKMARK [1][-]{section.5}{3 Levels}{}% 3
\BOOKMARK [1][-]{section.6}{4 Classes}{}% 4
\BOOKMARK [1][-]{section.7}{5 What we learned}{}% 5
\BOOKMARK [1][-]{section.8}{6 mechanics}{}% 6
\BOOKMARK [2][-]{subsection.9}{6.1 blueprints}{section.8}% 7
\BOOKMARK [2][-]{subsection.10}{6.2 Ai}{section.8}% 8
\BOOKMARK [1][-]{section.11}{7 Trials and Tribulations}{}% 9
\BOOKMARK [1][-]{section.12}{8 Future Work}{}% 10
\BOOKMARK [1][-]{section.13}{9 Project Development}{}% 11
\BOOKMARK [2][-]{subsection.14}{9.1 Abstract and Keywords}{section.13}% 12
\BOOKMARK [2][-]{subsection.15}{9.2 Normal or Body Text}{section.13}% 13
\BOOKMARK [2][-]{subsection.16}{9.3 First Page Copyright Notice}{section.13}% 14
\BOOKMARK [2][-]{subsection.17}{9.4 Subsequent Pages}{section.13}% 15
\BOOKMARK [2][-]{subsection.18}{9.5 References and Citations}{section.13}% 16
\BOOKMARK [1][-]{section.20}{10 Sections}{}% 17
\BOOKMARK [2][-]{subsection.21}{10.1 Subsections}{section.20}% 18
\BOOKMARK [3][-]{subsubsection.22}{10.1.1 Sub-subsections}{subsection.21}% 19
\BOOKMARK [1][-]{section.23}{11 Figures/Captions}{}% 20
\BOOKMARK [2][-]{subsection.24}{11.1 Inserting Images}{section.23}% 21
\BOOKMARK [1][-]{section.25}{12 Quotations}{}% 22
\BOOKMARK [1][-]{section.26}{13 Language, Style, and Content}{}% 23
\BOOKMARK [1][-]{section.27}{14 Accessibility}{}% 24
\BOOKMARK [1][-]{section.33}{15 Page Numbering, Headers and Footers}{}% 25
\BOOKMARK [1][-]{section.34}{16 Producing and Testing PDF Files}{}% 26
\BOOKMARK [1][-]{section.35}{17 Conclusion}{}% 27
\BOOKMARK [1][-]{section.36}{18 Acknowledgments}{}% 28
\BOOKMARK [1][-]{section.37}{19 References Format}{}% 29
